<?xml version="1.0" encoding="UTF-8"?>
<testsuite name="ro.unibuc.hello.controller.RentControllerTest" tests="8" skipped="0" failures="0" errors="0" timestamp="2026-06-13T12:04:14" hostname="cac8c4d9dc75" time="0.092">
  <properties/>
  <testcase name="testDeleteAllRents()" classname="ro.unibuc.hello.controller.RentControllerTest" time="0.061"/>
  <testcase name="testExtendRent_Success()" classname="ro.unibuc.hello.controller.RentControllerTest" time="0.005"/>
  <testcase name="testGetAllRents()" classname="ro.unibuc.hello.controller.RentControllerTest" time="0.002"/>
  <testcase name="testExtendRent_NotFound()" classname="ro.unibuc.hello.controller.RentControllerTest" time="0.002"/>
  <testcase name="testExtendRent_InvalidDateFormat()" classname="ro.unibuc.hello.controller.RentControllerTest" time="0.008"/>
  <testcase name="testRentGame_BadRequest()" classname="ro.unibuc.hello.controller.RentControllerTest" time="0.003"/>
  <testcase name="testRentGame_Success()" classname="ro.unibuc.hello.controller.RentControllerTest" time="0.002"/>
  <testcase name="testRentGame_RuntimeException()" classname="ro.unibuc.hello.controller.RentControllerTest" time="0.003"/>
  <system-out><![CDATA[]]></system-out>
  <system-err><![CDATA[]]></system-err>
</testsuite>
